2021-06-09 00:25:41 - INFO - Namespace(batch_size=64, epochs=32, logs_folder='logs', lr_step_gamma=0.1, lr_step_size=30, plots_folder='plots', train_data='../UECFOOD100', trained_models_folder='trained_models')
2021-06-09 00:25:42 - INFO - Train size 14361, Val size 14361, Test size 14361
2021-06-09 00:25:42 - INFO - Class names:['1', '10', '100', '11', '12', '13', '14', '15', '16', '17', '18', '19', '2', '20', '21', '22', '23', '24', '25', '26', '27', '28', '29', '3', '30', '31', '32', '33', '34', '35', '36', '37', '38', '39', '4', '40', '41', '42', '43', '44', '45', '46', '47', '48', '49', '5', '50', '51', '52', '53', '54', '55', '56', '57', '58', '59', '6', '60', '61', '62', '63', '64', '65', '66', '67', '68', '69', '7', '70', '71', '72', '73', '74', '75', '76', '77', '78', '79', '8', '80', '81', '82', '83', '84', '85', '86', '87', '88', '89', '9', '90', '91', '92', '93', '94', '95', '96', '97', '98', '99']
2021-06-09 00:25:42 - INFO - Total number of GPUs:2
2021-06-09 00:25:46 - INFO - Using 2 GPUs.
2021-06-09 00:25:48 - INFO - 
Epoch 0/31
2021-06-09 00:25:48 - INFO - Learning rate [0.01]
2021-06-09 00:28:36 - INFO - 	train loss: 2.8533, train accuracy: 0.3250
2021-06-09 00:29:38 - INFO - 	val loss: 1.5777, val accuracy: 0.5744
2021-06-09 00:29:43 - INFO - 
Epoch 1/31
2021-06-09 00:29:43 - INFO - Learning rate [0.01]
2021-06-09 00:32:35 - INFO - 	train loss: 1.7959, train accuracy: 0.5286
2021-06-09 00:33:37 - INFO - 	val loss: 1.0587, val accuracy: 0.7078
2021-06-09 00:33:42 - INFO - 
Epoch 2/31
2021-06-09 00:33:42 - INFO - Learning rate [0.01]
2021-06-09 00:36:35 - INFO - 	train loss: 1.5937, train accuracy: 0.5801
2021-06-09 00:37:37 - INFO - 	val loss: 0.9857, val accuracy: 0.7174
2021-06-09 00:37:42 - INFO - 
Epoch 3/31
2021-06-09 00:37:42 - INFO - Learning rate [0.01]
2021-06-09 00:40:35 - INFO - 	train loss: 1.4878, train accuracy: 0.6121
2021-06-09 00:41:37 - INFO - 	val loss: 0.8304, val accuracy: 0.7651
2021-06-09 00:41:42 - INFO - 
Epoch 4/31
2021-06-09 00:41:42 - INFO - Learning rate [0.01]
2021-06-09 00:44:35 - INFO - 	train loss: 1.3591, train accuracy: 0.6360
2021-06-09 00:45:37 - INFO - 	val loss: 0.8655, val accuracy: 0.7676
2021-06-09 00:45:42 - INFO - 
Epoch 5/31
2021-06-09 00:45:42 - INFO - Learning rate [0.01]
2021-06-09 00:48:36 - INFO - 	train loss: 1.2841, train accuracy: 0.6598
2021-06-09 00:49:37 - INFO - 	val loss: 0.7415, val accuracy: 0.8010
2021-06-09 00:49:43 - INFO - 
Epoch 6/31
2021-06-09 00:49:43 - INFO - Learning rate [0.01]
2021-06-09 00:52:35 - INFO - 	train loss: 1.2365, train accuracy: 0.6745
2021-06-09 00:53:37 - INFO - 	val loss: 0.6735, val accuracy: 0.8102
2021-06-09 00:53:42 - INFO - 
Epoch 7/31
2021-06-09 00:53:42 - INFO - Learning rate [0.01]
2021-06-09 00:56:36 - INFO - 	train loss: 1.1803, train accuracy: 0.6814
2021-06-09 00:57:37 - INFO - 	val loss: 0.6649, val accuracy: 0.8112
2021-06-09 00:57:43 - INFO - 
Epoch 8/31
2021-06-09 00:57:43 - INFO - Learning rate [0.01]
2021-06-09 01:00:36 - INFO - 	train loss: 1.0914, train accuracy: 0.7072
2021-06-09 01:01:37 - INFO - 	val loss: 0.5772, val accuracy: 0.8406
2021-06-09 01:01:43 - INFO - 
Epoch 9/31
2021-06-09 01:01:43 - INFO - Learning rate [0.01]
2021-06-09 01:04:36 - INFO - 	train loss: 1.0680, train accuracy: 0.7151
2021-06-09 01:05:37 - INFO - 	val loss: 0.3606, val accuracy: 0.8906
2021-06-09 01:05:42 - INFO - 
Epoch 10/31
2021-06-09 01:05:42 - INFO - Learning rate [0.01]
2021-06-09 01:08:35 - INFO - 	train loss: 1.0013, train accuracy: 0.7334
2021-06-09 01:09:37 - INFO - 	val loss: 0.3218, val accuracy: 0.9026
2021-06-09 01:09:42 - INFO - 
Epoch 11/31
2021-06-09 01:09:42 - INFO - Learning rate [0.01]
2021-06-09 01:12:36 - INFO - 	train loss: 0.9460, train accuracy: 0.7469
2021-06-09 01:13:37 - INFO - 	val loss: 0.3783, val accuracy: 0.8873
2021-06-09 01:13:37 - INFO - 
Epoch 12/31
2021-06-09 01:13:37 - INFO - Learning rate [0.01]
2021-06-09 01:16:31 - INFO - 	train loss: 0.8822, train accuracy: 0.7609
2021-06-09 01:17:33 - INFO - 	val loss: 0.3633, val accuracy: 0.8957
2021-06-09 01:17:33 - INFO - 
Epoch 13/31
2021-06-09 01:17:33 - INFO - Learning rate [0.01]
2021-06-09 01:20:26 - INFO - 	train loss: 0.8639, train accuracy: 0.7638
2021-06-09 01:21:28 - INFO - 	val loss: 0.3404, val accuracy: 0.9018
2021-06-09 01:21:28 - INFO - 
Epoch 14/31
2021-06-09 01:21:28 - INFO - Learning rate [0.01]
2021-06-09 01:24:21 - INFO - 	train loss: 0.8102, train accuracy: 0.7796
2021-06-09 01:25:23 - INFO - 	val loss: 0.2754, val accuracy: 0.9141
2021-06-09 01:25:28 - INFO - 
Epoch 15/31
2021-06-09 01:25:28 - INFO - Learning rate [0.01]
2021-06-09 01:28:21 - INFO - 	train loss: 0.7606, train accuracy: 0.7878
2021-06-09 01:29:23 - INFO - 	val loss: 0.1922, val accuracy: 0.9372
2021-06-09 01:29:28 - INFO - 
Epoch 16/31
2021-06-09 01:29:28 - INFO - Learning rate [0.01]
2021-06-09 01:32:21 - INFO - 	train loss: 0.7382, train accuracy: 0.7939
2021-06-09 01:33:23 - INFO - 	val loss: 0.3102, val accuracy: 0.9076
2021-06-09 01:33:23 - INFO - 
Epoch 17/31
2021-06-09 01:33:23 - INFO - Learning rate [0.01]
2021-06-09 01:36:17 - INFO - 	train loss: 0.7238, train accuracy: 0.8002
2021-06-09 01:37:19 - INFO - 	val loss: 0.1988, val accuracy: 0.9395
2021-06-09 01:37:24 - INFO - 
Epoch 18/31
2021-06-09 01:37:24 - INFO - Learning rate [0.01]
2021-06-09 01:40:17 - INFO - 	train loss: 0.6875, train accuracy: 0.8082
2021-06-09 01:41:19 - INFO - 	val loss: 0.2190, val accuracy: 0.9355
2021-06-09 01:41:19 - INFO - 
Epoch 19/31
2021-06-09 01:41:19 - INFO - Learning rate [0.01]
2021-06-09 01:44:12 - INFO - 	train loss: 0.6833, train accuracy: 0.8107
2021-06-09 01:45:14 - INFO - 	val loss: 0.1848, val accuracy: 0.9432
2021-06-09 01:45:19 - INFO - 
Epoch 20/31
2021-06-09 01:45:19 - INFO - Learning rate [0.01]
2021-06-09 01:48:13 - INFO - 	train loss: 0.6434, train accuracy: 0.8231
2021-06-09 01:49:15 - INFO - 	val loss: 0.1201, val accuracy: 0.9611
2021-06-09 01:49:20 - INFO - 
Epoch 21/31
2021-06-09 01:49:20 - INFO - Learning rate [0.01]
2021-06-09 01:52:13 - INFO - 	train loss: 0.6433, train accuracy: 0.8201
2021-06-09 01:53:15 - INFO - 	val loss: 0.1420, val accuracy: 0.9562
2021-06-09 01:53:15 - INFO - 
Epoch 22/31
2021-06-09 01:53:15 - INFO - Learning rate [0.01]
2021-06-09 01:56:09 - INFO - 	train loss: 0.6184, train accuracy: 0.8279
2021-06-09 01:57:11 - INFO - 	val loss: 0.1128, val accuracy: 0.9611
2021-06-09 01:57:11 - INFO - 
Epoch 23/31
2021-06-09 01:57:11 - INFO - Learning rate [0.01]
2021-06-09 02:00:04 - INFO - 	train loss: 0.6056, train accuracy: 0.8288
2021-06-09 02:01:06 - INFO - 	val loss: 0.1186, val accuracy: 0.9621
2021-06-09 02:01:11 - INFO - 
Epoch 24/31
2021-06-09 02:01:11 - INFO - Learning rate [0.01]
2021-06-09 02:04:04 - INFO - 	train loss: 0.5866, train accuracy: 0.8341
2021-06-09 02:05:06 - INFO - 	val loss: 0.1158, val accuracy: 0.9623
2021-06-09 02:05:12 - INFO - 
Epoch 25/31
2021-06-09 02:05:12 - INFO - Learning rate [0.01]
2021-06-09 02:08:04 - INFO - 	train loss: 0.5869, train accuracy: 0.8383
2021-06-09 02:09:06 - INFO - 	val loss: 0.1258, val accuracy: 0.9609
2021-06-09 02:09:06 - INFO - 
Epoch 26/31
2021-06-09 02:09:06 - INFO - Learning rate [0.01]
2021-06-09 02:12:00 - INFO - 	train loss: 0.5531, train accuracy: 0.8446
2021-06-09 02:13:02 - INFO - 	val loss: 0.0821, val accuracy: 0.9741
2021-06-09 02:13:07 - INFO - 
Epoch 27/31
2021-06-09 02:13:07 - INFO - Learning rate [0.01]
2021-06-09 02:16:00 - INFO - 	train loss: 0.5323, train accuracy: 0.8499
2021-06-09 02:17:02 - INFO - 	val loss: 0.1300, val accuracy: 0.9602
2021-06-09 02:17:02 - INFO - 
Epoch 28/31
2021-06-09 02:17:02 - INFO - Learning rate [0.01]
2021-06-09 02:19:56 - INFO - 	train loss: 0.5051, train accuracy: 0.8578
2021-06-09 02:20:58 - INFO - 	val loss: 0.1136, val accuracy: 0.9648
2021-06-09 02:20:58 - INFO - 
Epoch 29/31
2021-06-09 02:20:58 - INFO - Learning rate [0.01]
2021-06-09 02:23:51 - INFO - 	train loss: 0.5248, train accuracy: 0.8518
2021-06-09 02:24:53 - INFO - 	val loss: 0.0822, val accuracy: 0.9721
2021-06-09 02:24:53 - INFO - 
Epoch 30/31
2021-06-09 02:24:53 - INFO - Learning rate [0.0001]
2021-06-09 02:27:47 - INFO - 	train loss: 0.3638, train accuracy: 0.8969
2021-06-09 02:28:49 - INFO - 	val loss: 0.0160, val accuracy: 0.9945
2021-06-09 02:28:54 - INFO - 
Epoch 31/31
2021-06-09 02:28:54 - INFO - Learning rate [0.001]
2021-06-09 02:31:47 - INFO - 	train loss: 0.2745, train accuracy: 0.9218
2021-06-09 02:32:49 - INFO - 	val loss: 0.0122, val accuracy: 0.9967
2021-06-09 02:32:55 - INFO - Best validation accuracy: 0.996727
