2021-06-09 15:24:48 - INFO - Namespace(batch_size=64, epochs=32, logs_folder='logs', lr_step_gamma=0.1, lr_step_size=30, plots_folder='plots', train_data='../food101', trained_models_folder='trained_models')
2021-06-09 15:24:51 - INFO - Train size 101000, Val size 101000, Test size 101000
2021-06-09 15:24:51 - INFO - Class names:['digits', 'images', 'meta']
2021-06-09 15:24:51 - INFO - Total number of GPUs:2
2021-06-09 15:24:58 - INFO - Using 2 GPUs.
2021-06-09 15:25:04 - INFO - 
Epoch 0/31
2021-06-09 15:25:04 - INFO - Learning rate [0.01]
2021-06-09 15:45:04 - INFO - 	train loss: 0.0010, train accuracy: 0.9994
2021-06-09 15:52:19 - INFO - 	val loss: 0.0000, val accuracy: 1.0000
2021-06-09 15:52:26 - INFO - 
Epoch 1/31
2021-06-09 15:52:26 - INFO - Learning rate [0.01]
2021-06-09 16:12:45 - INFO - 	train loss: 0.0000, train accuracy: 1.0000
2021-06-09 16:19:58 - INFO - 	val loss: 0.0000, val accuracy: 1.0000
2021-06-09 16:19:58 - INFO - 
Epoch 2/31
2021-06-09 16:19:58 - INFO - Learning rate [0.01]
2021-06-09 16:40:25 - INFO - 	train loss: 0.0000, train accuracy: 1.0000
2021-06-09 16:47:40 - INFO - 	val loss: 0.0000, val accuracy: 1.0000
2021-06-09 16:47:40 - INFO - 
Epoch 3/31
2021-06-09 16:47:40 - INFO - Learning rate [0.01]
2021-06-09 17:08:03 - INFO - 	train loss: 0.0000, train accuracy: 1.0000
2021-06-09 17:15:18 - INFO - 	val loss: 0.0000, val accuracy: 1.0000
2021-06-09 17:15:18 - INFO - 
Epoch 4/31
2021-06-09 17:15:18 - INFO - Learning rate [0.01]
2021-06-09 17:35:43 - INFO - 	train loss: 0.0000, train accuracy: 1.0000
2021-06-09 17:42:57 - INFO - 	val loss: 0.0000, val accuracy: 1.0000
2021-06-09 17:42:57 - INFO - 
Epoch 5/31
2021-06-09 17:42:57 - INFO - Learning rate [0.01]
2021-06-09 18:03:19 - INFO - 	train loss: 0.0000, train accuracy: 1.0000
2021-06-09 18:10:34 - INFO - 	val loss: 0.0000, val accuracy: 1.0000
2021-06-09 18:10:34 - INFO - 
Epoch 6/31
2021-06-09 18:10:34 - INFO - Learning rate [0.01]
2021-06-09 18:30:54 - INFO - 	train loss: 0.0000, train accuracy: 1.0000
2021-06-09 18:38:11 - INFO - 	val loss: 0.0000, val accuracy: 1.0000
2021-06-09 18:38:11 - INFO - 
Epoch 7/31
2021-06-09 18:38:11 - INFO - Learning rate [0.01]
2021-06-09 18:58:35 - INFO - 	train loss: 0.0000, train accuracy: 1.0000
2021-06-09 19:05:51 - INFO - 	val loss: 0.0000, val accuracy: 1.0000
2021-06-09 19:05:51 - INFO - 
Epoch 8/31
2021-06-09 19:05:51 - INFO - Learning rate [0.01]
2021-06-09 19:26:13 - INFO - 	train loss: 0.0000, train accuracy: 1.0000
2021-06-09 19:33:29 - INFO - 	val loss: 0.0000, val accuracy: 1.0000
2021-06-09 19:33:29 - INFO - 
Epoch 9/31
2021-06-09 19:33:29 - INFO - Learning rate [0.01]
2021-06-09 19:53:51 - INFO - 	train loss: 0.0000, train accuracy: 1.0000
2021-06-09 20:01:05 - INFO - 	val loss: 0.0000, val accuracy: 1.0000
2021-06-09 20:01:05 - INFO - 
Epoch 10/31
2021-06-09 20:01:05 - INFO - Learning rate [0.01]
2021-06-09 20:21:25 - INFO - 	train loss: 0.0000, train accuracy: 1.0000
2021-06-09 20:28:40 - INFO - 	val loss: 0.0000, val accuracy: 1.0000
2021-06-09 20:28:40 - INFO - 
Epoch 11/31
2021-06-09 20:28:40 - INFO - Learning rate [0.01]
2021-06-09 20:49:04 - INFO - 	train loss: 0.0000, train accuracy: 1.0000
2021-06-09 20:56:19 - INFO - 	val loss: 0.0000, val accuracy: 1.0000
2021-06-09 20:56:19 - INFO - 
Epoch 12/31
2021-06-09 20:56:19 - INFO - Learning rate [0.01]
2021-06-09 21:16:47 - INFO - 	train loss: 0.0000, train accuracy: 1.0000
2021-06-09 21:24:02 - INFO - 	val loss: 0.0000, val accuracy: 1.0000
2021-06-09 21:24:02 - INFO - 
Epoch 13/31
2021-06-09 21:24:02 - INFO - Learning rate [0.01]
2021-06-09 21:44:22 - INFO - 	train loss: 0.0000, train accuracy: 1.0000
2021-06-09 21:51:40 - INFO - 	val loss: 0.0000, val accuracy: 1.0000
2021-06-09 21:51:40 - INFO - 
Epoch 14/31
2021-06-09 21:51:40 - INFO - Learning rate [0.01]
2021-06-09 22:12:07 - INFO - 	train loss: 0.0000, train accuracy: 1.0000
2021-06-09 22:19:22 - INFO - 	val loss: 0.0000, val accuracy: 1.0000
2021-06-09 22:19:22 - INFO - 
Epoch 15/31
2021-06-09 22:19:22 - INFO - Learning rate [0.01]
2021-06-09 22:39:46 - INFO - 	train loss: 0.0000, train accuracy: 1.0000
2021-06-09 22:47:01 - INFO - 	val loss: 0.0000, val accuracy: 1.0000
2021-06-09 22:47:01 - INFO - 
Epoch 16/31
2021-06-09 22:47:01 - INFO - Learning rate [0.01]
2021-06-09 23:07:25 - INFO - 	train loss: 0.0000, train accuracy: 1.0000
2021-06-09 23:14:41 - INFO - 	val loss: 0.0000, val accuracy: 1.0000
2021-06-09 23:14:41 - INFO - 
Epoch 17/31
2021-06-09 23:14:41 - INFO - Learning rate [0.01]
2021-06-09 23:35:08 - INFO - 	train loss: 0.0000, train accuracy: 1.0000
2021-06-09 23:42:23 - INFO - 	val loss: 0.0000, val accuracy: 1.0000
2021-06-09 23:42:23 - INFO - 
Epoch 18/31
2021-06-09 23:42:23 - INFO - Learning rate [0.01]
2021-06-10 00:02:46 - INFO - 	train loss: 0.0000, train accuracy: 1.0000
2021-06-10 00:10:02 - INFO - 	val loss: 0.0000, val accuracy: 1.0000
2021-06-10 00:10:02 - INFO - 
Epoch 19/31
2021-06-10 00:10:02 - INFO - Learning rate [0.01]
2021-06-10 00:30:29 - INFO - 	train loss: 0.0000, train accuracy: 1.0000
2021-06-10 00:37:44 - INFO - 	val loss: 0.0000, val accuracy: 1.0000
2021-06-10 00:37:44 - INFO - 
Epoch 20/31
2021-06-10 00:37:44 - INFO - Learning rate [0.01]
2021-06-10 00:58:17 - INFO - 	train loss: 0.0000, train accuracy: 1.0000
2021-06-10 01:05:34 - INFO - 	val loss: 0.0000, val accuracy: 1.0000
2021-06-10 01:05:34 - INFO - 
Epoch 21/31
2021-06-10 01:05:34 - INFO - Learning rate [0.01]
2021-06-10 01:26:02 - INFO - 	train loss: 0.0000, train accuracy: 1.0000
2021-06-10 01:33:18 - INFO - 	val loss: 0.0000, val accuracy: 1.0000
2021-06-10 01:33:18 - INFO - 
Epoch 22/31
2021-06-10 01:33:18 - INFO - Learning rate [0.01]
2021-06-10 01:53:43 - INFO - 	train loss: 0.0000, train accuracy: 1.0000
2021-06-10 02:00:59 - INFO - 	val loss: 0.0000, val accuracy: 1.0000
2021-06-10 02:00:59 - INFO - 
Epoch 23/31
2021-06-10 02:00:59 - INFO - Learning rate [0.01]
2021-06-10 02:21:23 - INFO - 	train loss: 0.0000, train accuracy: 1.0000
2021-06-10 02:28:38 - INFO - 	val loss: 0.0000, val accuracy: 1.0000
2021-06-10 02:28:38 - INFO - 
Epoch 24/31
2021-06-10 02:28:38 - INFO - Learning rate [0.01]
2021-06-10 02:49:05 - INFO - 	train loss: 0.0000, train accuracy: 1.0000
2021-06-10 02:56:22 - INFO - 	val loss: 0.0000, val accuracy: 1.0000
2021-06-10 02:56:22 - INFO - 
Epoch 25/31
2021-06-10 02:56:22 - INFO - Learning rate [0.01]
2021-06-10 03:16:50 - INFO - 	train loss: 0.0000, train accuracy: 1.0000
2021-06-10 03:24:06 - INFO - 	val loss: 0.0000, val accuracy: 1.0000
2021-06-10 03:24:06 - INFO - 
Epoch 26/31
2021-06-10 03:24:06 - INFO - Learning rate [0.01]
2021-06-10 03:44:29 - INFO - 	train loss: 0.0000, train accuracy: 1.0000
2021-06-10 03:51:43 - INFO - 	val loss: 0.0000, val accuracy: 1.0000
2021-06-10 03:51:43 - INFO - 
Epoch 27/31
2021-06-10 03:51:43 - INFO - Learning rate [0.01]
2021-06-10 04:12:09 - INFO - 	train loss: 0.0000, train accuracy: 1.0000
2021-06-10 04:19:24 - INFO - 	val loss: 0.0000, val accuracy: 1.0000
2021-06-10 04:19:24 - INFO - 
Epoch 28/31
2021-06-10 04:19:24 - INFO - Learning rate [0.01]
2021-06-10 04:39:51 - INFO - 	train loss: 0.0000, train accuracy: 1.0000
2021-06-10 04:47:05 - INFO - 	val loss: 0.0000, val accuracy: 1.0000
2021-06-10 04:47:05 - INFO - 
Epoch 29/31
2021-06-10 04:47:05 - INFO - Learning rate [0.01]
2021-06-10 05:07:28 - INFO - 	train loss: 0.0000, train accuracy: 1.0000
2021-06-10 05:14:44 - INFO - 	val loss: 0.0000, val accuracy: 1.0000
2021-06-10 05:14:44 - INFO - 
Epoch 30/31
2021-06-10 05:14:44 - INFO - Learning rate [0.001]
2021-06-10 05:35:13 - INFO - 	train loss: 0.0000, train accuracy: 1.0000
2021-06-10 05:42:29 - INFO - 	val loss: 0.0000, val accuracy: 1.0000
2021-06-10 05:42:29 - INFO - 
Epoch 31/31
2021-06-10 05:42:29 - INFO - Learning rate [0.001]
2021-06-10 06:02:57 - INFO - 	train loss: 0.0000, train accuracy: 1.0000
2021-06-10 06:10:12 - INFO - 	val loss: 0.0000, val accuracy: 1.0000
2021-06-10 06:10:12 - INFO - Best validation accuracy: 1.000000
